# JRE version: OpenJDK Runtime Environment (8.0_202) (build 1.8.0_202-release-1483-b49-5587405)
# Java VM: OpenJDK 64-Bit Server VM (25.202-b49-5587405 mixed mode linux-amd64 compressed oops)
Heap:
 PSYoungGen      total 186880K, used 0K [0x00000000e0000000, 0x00000000f0500000, 0x0000000100000000)
  eden space 165888K, 0% used [0x00000000e0000000,0x00000000e0000000,0x00000000ea200000)
  from space 20992K, 0% used [0x00000000ea200000,0x00000000ea200000,0x00000000eb680000)
  to   space 24576K, 0% used [0x00000000eed00000,0x00000000eed00000,0x00000000f0500000)
 ParOldGen       total 94208K, used 36692K [0x00000000a0000000, 0x00000000a5c00000, 0x00000000e0000000)
  object space 94208K, 38% used [0x00000000a0000000,0x00000000a23d5028,0x00000000a5c00000)
 Metaspace       used 57345K, capacity 59078K, committed 59160K, reserved 1099776K
  class space    used 7772K, capacity 8262K, committed 8320K, reserved 1048576K
GC Heap History (10 events):
Event: 11.023 GC heap after
Heap after GC invocations=9 (full 1):
 PSYoungGen      total 146944K, used 9264K [0x00000000e0000000, 0x00000000ec180000, 0x0000000100000000)
  eden space 134144K, 0% used [0x00000000e0000000,0x00000000e0000000,0x00000000e8300000)
  from space 12800K, 72% used [0x00000000e9000000,0x00000000e990c2a8,0x00000000e9c80000)
  to   space 13312K, 0% used [0x00000000e8300000,0x00000000e8300000,0x00000000e9000000)
 ParOldGen       total 64512K, used 10693K [0x00000000a0000000, 0x00000000a3f00000, 0x00000000e0000000)
  object space 64512K, 16% used [0x00000000a0000000,0x00000000a0a71788,0x00000000a3f00000)
 Metaspace       used 34507K, capacity 35392K, committed 35496K, reserved 1079296K
  class space    used 4776K, capacity 5056K, committed 5120K, reserved 1048576K
}
Event: 11.023 GC heap before
{Heap before GC invocations=10 (full 2):
 PSYoungGen      total 146944K, used 9264K [0x00000000e0000000, 0x00000000ec180000, 0x0000000100000000)
  eden space 134144K, 0% used [0x00000000e0000000,0x00000000e0000000,0x00000000e8300000)
  from space 12800K, 72% used [0x00000000e9000000,0x00000000e990c2a8,0x00000000e9c80000)
  to   space 13312K, 0% used [0x00000000e8300000,0x00000000e8300000,0x00000000e9000000)
 ParOldGen       total 64512K, used 10693K [0x00000000a0000000, 0x00000000a3f00000, 0x00000000e0000000)
  object space 64512K, 16% used [0x00000000a0000000,0x00000000a0a71788,0x00000000a3f00000)
 Metaspace       used 34507K, capacity 35392K, committed 35496K, reserved 1079296K
  class space    used 4776K, capacity 5056K, committed 5120K, reserved 1048576K
Event: 11.086 GC heap after
Heap after GC invocations=10 (full 2):
 PSYoungGen      total 146944K, used 0K [0x00000000e0000000, 0x00000000ec180000, 0x0000000100000000)
  eden space 134144K, 0% used [0x00000000e0000000,0x00000000e0000000,0x00000000e8300000)
  from space 12800K, 0% used [0x00000000e9000000,0x00000000e9000000,0x00000000e9c80000)
  to   space 13312K, 0% used [0x00000000e8300000,0x00000000e8300000,0x00000000e9000000)
 ParOldGen       total 94208K, used 15847K [0x00000000a0000000, 0x00000000a5c00000, 0x00000000e0000000)
  object space 94208K, 16% used [0x00000000a0000000,0x00000000a0f79e68,0x00000000a5c00000)
 Metaspace       used 34498K, capacity 35362K, committed 35496K, reserved 1079296K
  class space    used 4773K, capacity 5051K, committed 5120K, reserved 1048576K
}
Event: 13.830 GC heap before
{Heap before GC invocations=11 (full 2):
 PSYoungGen      total 146944K, used 134144K [0x00000000e0000000, 0x00000000ec180000, 0x0000000100000000)
  eden space 134144K, 100% used [0x00000000e0000000,0x00000000e8300000,0x00000000e8300000)
  from space 12800K, 0% used [0x00000000e9000000,0x00000000e9000000,0x00000000e9c80000)
  to   space 13312K, 0% used [0x00000000e8300000,0x00000000e8300000,0x00000000e9000000)
 ParOldGen       total 94208K, used 15847K [0x00000000a0000000, 0x00000000a5c00000, 0x00000000e0000000)
  object space 94208K, 16% used [0x00000000a0000000,0x00000000a0f79e68,0x00000000a5c00000)
 Metaspace       used 46159K, capacity 47292K, committed 47616K, reserved 1089536K
  class space    used 6213K, capacity 6533K, committed 6656K, reserved 1048576K
Event: 13.850 GC heap after
Heap after GC invocations=11 (full 2):
 PSYoungGen      total 147456K, used 13296K [0x00000000e0000000, 0x00000000ec680000, 0x0000000100000000)
  eden space 134144K, 0% used [0x00000000e0000000,0x00000000e0000000,0x00000000e8300000)
  from space 13312K, 99% used [0x00000000e8300000,0x00000000e8ffc288,0x00000000e9000000)
  to   space 16384K, 0% used [0x00000000eb680000,0x00000000eb680000,0x00000000ec680000)
 ParOldGen       total 94208K, used 19305K [0x00000000a0000000, 0x00000000a5c00000, 0x00000000e0000000)
  object space 94208K, 20% used [0x00000000a0000000,0x00000000a12da6e0,0x00000000a5c00000)
 Metaspace       used 46159K, capacity 47292K, committed 47616K, reserved 1089536K
  class space    used 6213K, capacity 6533K, committed 6656K, reserved 1048576K
}
Event: 16.450 GC heap before
{Heap before GC invocations=12 (full 2):
 PSYoungGen      total 147456K, used 147440K [0x00000000e0000000, 0x00000000ec680000, 0x0000000100000000)
  eden space 134144K, 100% used [0x00000000e0000000,0x00000000e8300000,0x00000000e8300000)
  from space 13312K, 99% used [0x00000000e8300000,0x00000000e8ffc288,0x00000000e9000000)
  to   space 16384K, 0% used [0x00000000eb680000,0x00000000eb680000,0x00000000ec680000)
 ParOldGen       total 94208K, used 19305K [0x00000000a0000000, 0x00000000a5c00000, 0x00000000e0000000)
  object space 94208K, 20% used [0x00000000a0000000,0x00000000a12da6e0,0x00000000a5c00000)
 Metaspace       used 55527K, capacity 57164K, committed 57344K, reserved 1099776K
  class space    used 7494K, capacity 7918K, committed 7936K, reserved 1048576K
Event: 16.496 GC heap after
Heap after GC invocations=12 (full 2):
 PSYoungGen      total 182272K, used 16357K [0x00000000e0000000, 0x00000000ed000000, 0x0000000100000000)
  eden space 165888K, 0% used [0x00000000e0000000,0x00000000e0000000,0x00000000ea200000)
  from space 16384K, 99% used [0x00000000eb680000,0x00000000ec6795f8,0x00000000ec680000)
  to   space 20992K, 0% used [0x00000000ea200000,0x00000000ea200000,0x00000000eb680000)
 ParOldGen       total 94208K, used 26241K [0x00000000a0000000, 0x00000000a5c00000, 0x00000000e0000000)
  object space 94208K, 27% used [0x00000000a0000000,0x00000000a19a05e0,0x00000000a5c00000)
 Metaspace       used 55527K, capacity 57164K, committed 57344K, reserved 1099776K
  class space    used 7494K, capacity 7918K, committed 7936K, reserved 1048576K
}
Event: 18.741 GC heap before
{Heap before GC invocations=13 (full 2):
 PSYoungGen      total 182272K, used 79574K [0x00000000e0000000, 0x00000000ed000000, 0x0000000100000000)
  eden space 165888K, 38% used [0x00000000e0000000,0x00000000e3dbc518,0x00000000ea200000)
  from space 16384K, 99% used [0x00000000eb680000,0x00000000ec6795f8,0x00000000ec680000)
  to   space 20992K, 0% used [0x00000000ea200000,0x00000000ea200000,0x00000000eb680000)
 ParOldGen       total 94208K, used 26241K [0x00000000a0000000, 0x00000000a5c00000, 0x00000000e0000000)
  object space 94208K, 27% used [0x00000000a0000000,0x00000000a19a05e0,0x00000000a5c00000)
 Metaspace       used 57345K, capacity 59078K, committed 59160K, reserved 1099776K
  class space    used 7772K, capacity 8262K, committed 8320K, reserved 1048576K
Event: 18.859 GC heap after
Heap after GC invocations=13 (full 2):
 PSYoungGen      total 186880K, used 20980K [0x00000000e0000000, 0x00000000f0500000, 0x0000000100000000)
  eden space 165888K, 0% used [0x00000000e0000000,0x00000000e0000000,0x00000000ea200000)
  from space 20992K, 99% used [0x00000000ea200000,0x00000000eb67d330,0x00000000eb680000)
  to   space 24576K, 0% used [0x00000000eed00000,0x00000000eed00000,0x00000000f0500000)
 ParOldGen       total 94208K, used 27817K [0x00000000a0000000, 0x00000000a5c00000, 0x00000000e0000000)
  object space 94208K, 29% used [0x00000000a0000000,0x00000000a1b2a5e8,0x00000000a5c00000)
 Metaspace       used 57345K, capacity 59078K, committed 59160K, reserved 1099776K
  class space    used 7772K, capacity 8262K, committed 8320K, reserved 1048576K
}
Event: 18.859 GC heap before
{Heap before GC invocations=14 (full 3):
 PSYoungGen      total 186880K, used 20980K [0x00000000e0000000, 0x00000000f0500000, 0x0000000100000000)
  eden space 165888K, 0% used [0x00000000e0000000,0x00000000e0000000,0x00000000ea200000)
  from space 20992K, 99% used [0x00000000ea200000,0x00000000eb67d330,0x00000000eb680000)
  to   space 24576K, 0% used [0x00000000eed00000,0x00000000eed00000,0x00000000f0500000)
 ParOldGen       total 94208K, used 27817K [0x00000000a0000000, 0x00000000a5c00000, 0x00000000e0000000)
  object space 94208K, 29% used [0x00000000a0000000,0x00000000a1b2a5e8,0x00000000a5c00000)
 Metaspace       used 57345K, capacity 59078K, committed 59160K, reserved 1099776K
  class space    used 7772K, capacity 8262K, committed 8320K, reserved 1048576K

